1709949945.554487 2024-03-08 23:05:45 MainProcess-31941 MainThread-139762087415808 parsl.dataflow.dflow:91 __init__ INFO: Starting DataFlowKernel with config
Config(
    app_cache=True, 
    checkpoint_files=None, 
    checkpoint_mode=None, 
    checkpoint_period=None, 
    executors=(ThreadPoolExecutor(
        label='threads', 
        max_threads=2, 
        storage_access=None, 
        thread_name_prefix='', 
        working_dir=None
    ),), 
    garbage_collect=True, 
    initialize_logging=True, 
    internal_tasks_max_threads=10, 
    max_idletime=120.0, 
    monitoring=None, 
    retries=0, 
    retry_handler=None, 
    run_dir='runinfo', 
    strategy='simple', 
    usage_tracking=False
)
1709949945.554586 2024-03-08 23:05:45 MainProcess-31941 MainThread-139762087415808 parsl.dataflow.dflow:93 __init__ INFO: Parsl version: 2024.03.04
1709949945.554653 2024-03-08 23:05:45 MainProcess-31941 MainThread-139762087415808 parsl.usage_tracking.usage:111 __init__ DEBUG: Tracking status: False
1709949945.554726 2024-03-08 23:05:45 MainProcess-31941 MainThread-139762087415808 parsl.dataflow.dflow:121 __init__ INFO: Run id is: 68fc04f8-a911-4315-81c7-4d611796298c
1709949945.586108 2024-03-08 23:05:45 MainProcess-31941 MainThread-139762087415808 parsl.dataflow.dflow:128 __init__ DEBUG: Considering candidate for workflow name: /home/carlos/Projects/cbnetwork/venv/lib/python3.10/site-packages/parsl/dataflow/dflow.py
1709949945.586178 2024-03-08 23:05:45 MainProcess-31941 MainThread-139762087415808 parsl.dataflow.dflow:128 __init__ DEBUG: Considering candidate for workflow name: /home/carlos/Projects/cbnetwork/venv/lib/python3.10/site-packages/parsl/dataflow/dflow.py
1709949945.586210 2024-03-08 23:05:45 MainProcess-31941 MainThread-139762087415808 parsl.dataflow.dflow:128 __init__ DEBUG: Considering candidate for workflow name: /home/carlos/Projects/cbnetwork/hpc/sdumont/test_valor_pi.py
1709949945.586236 2024-03-08 23:05:45 MainProcess-31941 MainThread-139762087415808 parsl.dataflow.dflow:134 __init__ DEBUG: Using test_valor_pi.py as workflow name
1709949945.586328 2024-03-08 23:05:45 MainProcess-31941 MainThread-139762087415808 parsl.dataflow.memoization:163 __init__ INFO: App caching initialized
1709949945.586369 2024-03-08 23:05:45 MainProcess-31941 MainThread-139762087415808 parsl.jobs.strategy:143 __init__ DEBUG: Scaling strategy: simple
1709949945.587795 2024-03-08 23:05:45 MainProcess-31941 MainThread-139762087415808 parsl.dataflow.dflow:949 submit DEBUG: Task 0 will be sent to executor threads
1709949945.587865 2024-03-08 23:05:45 MainProcess-31941 MainThread-139762087415808 parsl.dataflow.dflow:764 _add_output_deps DEBUG: Adding output dependencies
1709949945.587903 2024-03-08 23:05:45 MainProcess-31941 MainThread-139762087415808 parsl.dataflow.dflow:1031 submit INFO: Task 0 submitted for App monte_carlo_pi, not waiting on any dependency
1709949945.587941 2024-03-08 23:05:45 MainProcess-31941 MainThread-139762087415808 parsl.dataflow.dflow:1037 submit DEBUG: Task 0 set to pending state with AppFuture: <AppFuture at 0x7f1ccc701a80 state=pending>
1709949945.587977 2024-03-08 23:05:45 MainProcess-31941 MainThread-139762087415808 parsl.dataflow.memoization:222 check_memo DEBUG: Task 0 will not be memoized
1709949945.593211 2024-03-08 23:05:45 MainProcess-31941 MainThread-139762087415808 parsl.dataflow.dflow:727 launch_task INFO: Parsl task 0 try 0 launched on executor threads
1709949945.718875 2024-03-08 23:05:45 MainProcess-31941 ThreadPoolExecutor-0_0-139761655072320 parsl.dataflow.dflow:551 _complete_task INFO: Task 0 completed (launched -> exec_done)
1709949945.719052 2024-03-08 23:05:45 MainProcess-31941 MainThread-139762087415808 parsl.dataflow.dflow:949 submit DEBUG: Task 1 will be sent to executor threads
1709949945.719126 2024-03-08 23:05:45 MainProcess-31941 MainThread-139762087415808 parsl.dataflow.dflow:764 _add_output_deps DEBUG: Adding output dependencies
1709949945.719163 2024-03-08 23:05:45 MainProcess-31941 MainThread-139762087415808 parsl.dataflow.dflow:1031 submit INFO: Task 1 submitted for App monte_carlo_pi, not waiting on any dependency
1709949945.719208 2024-03-08 23:05:45 MainProcess-31941 MainThread-139762087415808 parsl.dataflow.dflow:1037 submit DEBUG: Task 1 set to pending state with AppFuture: <AppFuture at 0x7f1ccc703640 state=pending>
1709949945.719243 2024-03-08 23:05:45 MainProcess-31941 MainThread-139762087415808 parsl.dataflow.memoization:222 check_memo DEBUG: Task 1 will not be memoized
1709949945.719285 2024-03-08 23:05:45 MainProcess-31941 MainThread-139762087415808 parsl.dataflow.dflow:727 launch_task INFO: Parsl task 1 try 0 launched on executor threads
1709949945.849491 2024-03-08 23:05:45 MainProcess-31941 ThreadPoolExecutor-0_0-139761655072320 parsl.dataflow.dflow:551 _complete_task INFO: Task 1 completed (launched -> exec_done)
1709949945.849689 2024-03-08 23:05:45 MainProcess-31941 MainThread-139762087415808 parsl.dataflow.dflow:949 submit DEBUG: Task 2 will be sent to executor threads
1709949945.849761 2024-03-08 23:05:45 MainProcess-31941 MainThread-139762087415808 parsl.dataflow.dflow:764 _add_output_deps DEBUG: Adding output dependencies
1709949945.849797 2024-03-08 23:05:45 MainProcess-31941 MainThread-139762087415808 parsl.dataflow.dflow:1031 submit INFO: Task 2 submitted for App monte_carlo_pi, not waiting on any dependency
1709949945.849833 2024-03-08 23:05:45 MainProcess-31941 MainThread-139762087415808 parsl.dataflow.dflow:1037 submit DEBUG: Task 2 set to pending state with AppFuture: <AppFuture at 0x7f1ccc7036a0 state=pending>
1709949945.849865 2024-03-08 23:05:45 MainProcess-31941 MainThread-139762087415808 parsl.dataflow.memoization:222 check_memo DEBUG: Task 2 will not be memoized
1709949945.849906 2024-03-08 23:05:45 MainProcess-31941 MainThread-139762087415808 parsl.dataflow.dflow:727 launch_task INFO: Parsl task 2 try 0 launched on executor threads
1709949945.980396 2024-03-08 23:05:45 MainProcess-31941 ThreadPoolExecutor-0_0-139761655072320 parsl.dataflow.dflow:551 _complete_task INFO: Task 2 completed (launched -> exec_done)
1709949945.980564 2024-03-08 23:05:45 MainProcess-31941 MainThread-139762087415808 parsl.dataflow.dflow:949 submit DEBUG: Task 3 will be sent to executor threads
1709949945.980638 2024-03-08 23:05:45 MainProcess-31941 MainThread-139762087415808 parsl.dataflow.dflow:764 _add_output_deps DEBUG: Adding output dependencies
1709949945.980674 2024-03-08 23:05:45 MainProcess-31941 MainThread-139762087415808 parsl.dataflow.dflow:1031 submit INFO: Task 3 submitted for App monte_carlo_pi, not waiting on any dependency
1709949945.980711 2024-03-08 23:05:45 MainProcess-31941 MainThread-139762087415808 parsl.dataflow.dflow:1037 submit DEBUG: Task 3 set to pending state with AppFuture: <AppFuture at 0x7f1ccc703340 state=pending>
1709949945.980744 2024-03-08 23:05:45 MainProcess-31941 MainThread-139762087415808 parsl.dataflow.memoization:222 check_memo DEBUG: Task 3 will not be memoized
1709949945.980786 2024-03-08 23:05:45 MainProcess-31941 MainThread-139762087415808 parsl.dataflow.dflow:727 launch_task INFO: Parsl task 3 try 0 launched on executor threads
1709949946.112603 2024-03-08 23:05:46 MainProcess-31941 ThreadPoolExecutor-0_0-139761655072320 parsl.dataflow.dflow:551 _complete_task INFO: Task 3 completed (launched -> exec_done)
1709949946.112848 2024-03-08 23:05:46 MainProcess-31941 MainThread-139762087415808 parsl.dataflow.dflow:1145 atexit_cleanup INFO: DFK cleanup because python process is exiting
1709949946.112927 2024-03-08 23:05:46 MainProcess-31941 MainThread-139762087415808 parsl.dataflow.dflow:1182 cleanup INFO: DFK cleanup initiated
1709949946.112958 2024-03-08 23:05:46 MainProcess-31941 MainThread-139762087415808 parsl.dataflow.dflow:1075 log_task_states INFO: Summary of tasks in DFK:
1709949946.112993 2024-03-08 23:05:46 MainProcess-31941 MainThread-139762087415808 parsl.dataflow.dflow:1079 log_task_states INFO: Tasks in state States.unsched: 0
1709949946.113021 2024-03-08 23:05:46 MainProcess-31941 MainThread-139762087415808 parsl.dataflow.dflow:1079 log_task_states INFO: Tasks in state States.pending: 0
1709949946.113046 2024-03-08 23:05:46 MainProcess-31941 MainThread-139762087415808 parsl.dataflow.dflow:1079 log_task_states INFO: Tasks in state States.running: 0
1709949946.113076 2024-03-08 23:05:46 MainProcess-31941 MainThread-139762087415808 parsl.dataflow.dflow:1079 log_task_states INFO: Tasks in state States.exec_done: 4
1709949946.113100 2024-03-08 23:05:46 MainProcess-31941 MainThread-139762087415808 parsl.dataflow.dflow:1079 log_task_states INFO: Tasks in state States.failed: 0
1709949946.113123 2024-03-08 23:05:46 MainProcess-31941 MainThread-139762087415808 parsl.dataflow.dflow:1079 log_task_states INFO: Tasks in state States.dep_fail: 0
1709949946.113145 2024-03-08 23:05:46 MainProcess-31941 MainThread-139762087415808 parsl.dataflow.dflow:1079 log_task_states INFO: Tasks in state States.launched: 0
1709949946.113168 2024-03-08 23:05:46 MainProcess-31941 MainThread-139762087415808 parsl.dataflow.dflow:1079 log_task_states INFO: Tasks in state States.fail_retryable: 0
1709949946.113191 2024-03-08 23:05:46 MainProcess-31941 MainThread-139762087415808 parsl.dataflow.dflow:1079 log_task_states INFO: Tasks in state States.memo_done: 0
1709949946.113214 2024-03-08 23:05:46 MainProcess-31941 MainThread-139762087415808 parsl.dataflow.dflow:1079 log_task_states INFO: Tasks in state States.joining: 0
1709949946.113236 2024-03-08 23:05:46 MainProcess-31941 MainThread-139762087415808 parsl.dataflow.dflow:1079 log_task_states INFO: Tasks in state States.running_ended: 0
1709949946.113257 2024-03-08 23:05:46 MainProcess-31941 MainThread-139762087415808 parsl.dataflow.dflow:1081 log_task_states INFO: End of summary
1709949946.113302 2024-03-08 23:05:46 MainProcess-31941 MainThread-139762087415808 parsl.dataflow.dflow:1206 cleanup INFO: Closing job status poller
1709949946.113354 2024-03-08 23:05:46 MainProcess-31941 MainThread-139762087415808 parsl.dataflow.dflow:1208 cleanup INFO: Terminated job status poller
1709949946.113379 2024-03-08 23:05:46 MainProcess-31941 MainThread-139762087415808 parsl.dataflow.dflow:1210 cleanup INFO: Scaling in and shutting down executors
1709949946.113406 2024-03-08 23:05:46 MainProcess-31941 MainThread-139762087415808 parsl.dataflow.dflow:1228 cleanup INFO: Shutting down executor threads
1709949946.113433 2024-03-08 23:05:46 MainProcess-31941 MainThread-139762087415808 parsl.executors.threads:74 shutdown DEBUG: Shutting down executor, which involves waiting for running tasks to complete
1709949946.113459 2024-03-08 23:05:46 MainProcess-31941 MainThread-139762087415808 parsl.executors.threads:76 shutdown DEBUG: Done with executor shutdown
1709949946.113480 2024-03-08 23:05:46 MainProcess-31941 MainThread-139762087415808 parsl.dataflow.dflow:1230 cleanup INFO: Shut down executor threads
1709949946.113502 2024-03-08 23:05:46 MainProcess-31941 MainThread-139762087415808 parsl.dataflow.dflow:1228 cleanup INFO: Shutting down executor _parsl_internal
1709949946.113523 2024-03-08 23:05:46 MainProcess-31941 MainThread-139762087415808 parsl.executors.threads:74 shutdown DEBUG: Shutting down executor, which involves waiting for running tasks to complete
1709949946.113545 2024-03-08 23:05:46 MainProcess-31941 MainThread-139762087415808 parsl.executors.threads:76 shutdown DEBUG: Done with executor shutdown
1709949946.113565 2024-03-08 23:05:46 MainProcess-31941 MainThread-139762087415808 parsl.dataflow.dflow:1230 cleanup INFO: Shut down executor _parsl_internal
1709949946.113585 2024-03-08 23:05:46 MainProcess-31941 MainThread-139762087415808 parsl.dataflow.dflow:1232 cleanup INFO: Terminated executors
1709949946.113608 2024-03-08 23:05:46 MainProcess-31941 MainThread-139762087415808 parsl.dataflow.dflow:1249 cleanup INFO: DFK cleanup complete
1709949946.113632 2024-03-08 23:05:46 MainProcess-31941 MainThread-139762087415808 parsl.process_loggers:28 wrapped DEBUG: Normal ending for cleanup on thread MainThread
