1709949939.827208 2024-03-08 23:05:39 MainProcess-31896 MainThread-140405303033856 parsl.dataflow.dflow:91 __init__ INFO: Starting DataFlowKernel with config
Config(
    app_cache=True, 
    checkpoint_files=None, 
    checkpoint_mode=None, 
    checkpoint_period=None, 
    executors=(ThreadPoolExecutor(
        label='threads', 
        max_threads=2, 
        storage_access=None, 
        thread_name_prefix='', 
        working_dir=None
    ),), 
    garbage_collect=True, 
    initialize_logging=True, 
    internal_tasks_max_threads=10, 
    max_idletime=120.0, 
    monitoring=None, 
    retries=0, 
    retry_handler=None, 
    run_dir='runinfo', 
    strategy='simple', 
    usage_tracking=False
)
1709949939.827306 2024-03-08 23:05:39 MainProcess-31896 MainThread-140405303033856 parsl.dataflow.dflow:93 __init__ INFO: Parsl version: 2024.03.04
1709949939.827372 2024-03-08 23:05:39 MainProcess-31896 MainThread-140405303033856 parsl.usage_tracking.usage:111 __init__ DEBUG: Tracking status: False
1709949939.827445 2024-03-08 23:05:39 MainProcess-31896 MainThread-140405303033856 parsl.dataflow.dflow:121 __init__ INFO: Run id is: 865e2d7e-a249-4357-8cf2-e723038620e0
1709949939.860172 2024-03-08 23:05:39 MainProcess-31896 MainThread-140405303033856 parsl.dataflow.dflow:128 __init__ DEBUG: Considering candidate for workflow name: /home/carlos/Projects/cbnetwork/venv/lib/python3.10/site-packages/parsl/dataflow/dflow.py
1709949939.860243 2024-03-08 23:05:39 MainProcess-31896 MainThread-140405303033856 parsl.dataflow.dflow:128 __init__ DEBUG: Considering candidate for workflow name: /home/carlos/Projects/cbnetwork/venv/lib/python3.10/site-packages/parsl/dataflow/dflow.py
1709949939.860274 2024-03-08 23:05:39 MainProcess-31896 MainThread-140405303033856 parsl.dataflow.dflow:128 __init__ DEBUG: Considering candidate for workflow name: /home/carlos/Projects/cbnetwork/hpc/sdumont/test_valor_pi.py
1709949939.860301 2024-03-08 23:05:39 MainProcess-31896 MainThread-140405303033856 parsl.dataflow.dflow:134 __init__ DEBUG: Using test_valor_pi.py as workflow name
1709949939.860404 2024-03-08 23:05:39 MainProcess-31896 MainThread-140405303033856 parsl.dataflow.memoization:163 __init__ INFO: App caching initialized
1709949939.860445 2024-03-08 23:05:39 MainProcess-31896 MainThread-140405303033856 parsl.jobs.strategy:143 __init__ DEBUG: Scaling strategy: simple
1709949939.861846 2024-03-08 23:05:39 MainProcess-31896 MainThread-140405303033856 parsl.dataflow.dflow:949 submit DEBUG: Task 0 will be sent to executor threads
1709949939.861916 2024-03-08 23:05:39 MainProcess-31896 MainThread-140405303033856 parsl.dataflow.dflow:764 _add_output_deps DEBUG: Adding output dependencies
1709949939.861953 2024-03-08 23:05:39 MainProcess-31896 MainThread-140405303033856 parsl.dataflow.dflow:1031 submit INFO: Task 0 submitted for App monte_carlo_pi, not waiting on any dependency
1709949939.861990 2024-03-08 23:05:39 MainProcess-31896 MainThread-140405303033856 parsl.dataflow.dflow:1037 submit DEBUG: Task 0 set to pending state with AppFuture: <AppFuture at 0x7fb28f109a80 state=pending>
1709949939.862026 2024-03-08 23:05:39 MainProcess-31896 MainThread-140405303033856 parsl.dataflow.memoization:222 check_memo DEBUG: Task 0 will not be memoized
1709949939.863627 2024-03-08 23:05:39 MainProcess-31896 MainThread-140405303033856 parsl.dataflow.dflow:727 launch_task INFO: Parsl task 0 try 0 launched on executor threads
1709949939.863688 2024-03-08 23:05:39 MainProcess-31896 MainThread-140405303033856 parsl.dataflow.dflow:551 _complete_task INFO: Task 0 completed (launched -> exec_done)
1709949939.863739 2024-03-08 23:05:39 MainProcess-31896 MainThread-140405303033856 parsl.dataflow.dflow:949 submit DEBUG: Task 1 will be sent to executor threads
1709949939.863783 2024-03-08 23:05:39 MainProcess-31896 MainThread-140405303033856 parsl.dataflow.dflow:764 _add_output_deps DEBUG: Adding output dependencies
1709949939.863815 2024-03-08 23:05:39 MainProcess-31896 MainThread-140405303033856 parsl.dataflow.dflow:1031 submit INFO: Task 1 submitted for App monte_carlo_pi, not waiting on any dependency
1709949939.863854 2024-03-08 23:05:39 MainProcess-31896 MainThread-140405303033856 parsl.dataflow.dflow:1037 submit DEBUG: Task 1 set to pending state with AppFuture: <AppFuture at 0x7fb28f10b4c0 state=pending>
1709949939.863883 2024-03-08 23:05:39 MainProcess-31896 MainThread-140405303033856 parsl.dataflow.memoization:222 check_memo DEBUG: Task 1 will not be memoized
1709949939.863938 2024-03-08 23:05:39 MainProcess-31896 MainThread-140405303033856 parsl.dataflow.dflow:727 launch_task INFO: Parsl task 1 try 0 launched on executor threads
1709949939.865410 2024-03-08 23:05:39 MainProcess-31896 MainThread-140405303033856 parsl.dataflow.dflow:551 _complete_task INFO: Task 1 completed (launched -> exec_done)
1709949939.865470 2024-03-08 23:05:39 MainProcess-31896 MainThread-140405303033856 parsl.dataflow.dflow:949 submit DEBUG: Task 2 will be sent to executor threads
1709949939.865515 2024-03-08 23:05:39 MainProcess-31896 MainThread-140405303033856 parsl.dataflow.dflow:764 _add_output_deps DEBUG: Adding output dependencies
1709949939.865547 2024-03-08 23:05:39 MainProcess-31896 MainThread-140405303033856 parsl.dataflow.dflow:1031 submit INFO: Task 2 submitted for App monte_carlo_pi, not waiting on any dependency
1709949939.865579 2024-03-08 23:05:39 MainProcess-31896 MainThread-140405303033856 parsl.dataflow.dflow:1037 submit DEBUG: Task 2 set to pending state with AppFuture: <AppFuture at 0x7fb28f10b970 state=pending>
1709949939.865607 2024-03-08 23:05:39 MainProcess-31896 MainThread-140405303033856 parsl.dataflow.memoization:222 check_memo DEBUG: Task 2 will not be memoized
1709949939.865664 2024-03-08 23:05:39 MainProcess-31896 MainThread-140405303033856 parsl.dataflow.dflow:727 launch_task INFO: Parsl task 2 try 0 launched on executor threads
1709949939.867126 2024-03-08 23:05:39 MainProcess-31896 ThreadPoolExecutor-0_0-140404869416512 parsl.dataflow.dflow:551 _complete_task INFO: Task 2 completed (launched -> exec_done)
1709949939.867229 2024-03-08 23:05:39 MainProcess-31896 MainThread-140405303033856 parsl.dataflow.dflow:949 submit DEBUG: Task 3 will be sent to executor threads
1709949939.867299 2024-03-08 23:05:39 MainProcess-31896 MainThread-140405303033856 parsl.dataflow.dflow:764 _add_output_deps DEBUG: Adding output dependencies
1709949939.867334 2024-03-08 23:05:39 MainProcess-31896 MainThread-140405303033856 parsl.dataflow.dflow:1031 submit INFO: Task 3 submitted for App monte_carlo_pi, not waiting on any dependency
1709949939.867367 2024-03-08 23:05:39 MainProcess-31896 MainThread-140405303033856 parsl.dataflow.dflow:1037 submit DEBUG: Task 3 set to pending state with AppFuture: <AppFuture at 0x7fb28f10b340 state=pending>
1709949939.867396 2024-03-08 23:05:39 MainProcess-31896 MainThread-140405303033856 parsl.dataflow.memoization:222 check_memo DEBUG: Task 3 will not be memoized
1709949939.867453 2024-03-08 23:05:39 MainProcess-31896 MainThread-140405303033856 parsl.dataflow.dflow:727 launch_task INFO: Parsl task 3 try 0 launched on executor threads
1709949939.868853 2024-03-08 23:05:39 MainProcess-31896 MainThread-140405303033856 parsl.dataflow.dflow:551 _complete_task INFO: Task 3 completed (launched -> exec_done)
1709949939.868981 2024-03-08 23:05:39 MainProcess-31896 MainThread-140405303033856 parsl.dataflow.dflow:1145 atexit_cleanup INFO: DFK cleanup because python process is exiting
1709949939.869045 2024-03-08 23:05:39 MainProcess-31896 MainThread-140405303033856 parsl.dataflow.dflow:1182 cleanup INFO: DFK cleanup initiated
1709949939.869070 2024-03-08 23:05:39 MainProcess-31896 MainThread-140405303033856 parsl.dataflow.dflow:1075 log_task_states INFO: Summary of tasks in DFK:
1709949939.869098 2024-03-08 23:05:39 MainProcess-31896 MainThread-140405303033856 parsl.dataflow.dflow:1079 log_task_states INFO: Tasks in state States.unsched: 0
1709949939.869122 2024-03-08 23:05:39 MainProcess-31896 MainThread-140405303033856 parsl.dataflow.dflow:1079 log_task_states INFO: Tasks in state States.pending: 0
1709949939.869144 2024-03-08 23:05:39 MainProcess-31896 MainThread-140405303033856 parsl.dataflow.dflow:1079 log_task_states INFO: Tasks in state States.running: 0
1709949939.869171 2024-03-08 23:05:39 MainProcess-31896 MainThread-140405303033856 parsl.dataflow.dflow:1079 log_task_states INFO: Tasks in state States.exec_done: 4
1709949939.869194 2024-03-08 23:05:39 MainProcess-31896 MainThread-140405303033856 parsl.dataflow.dflow:1079 log_task_states INFO: Tasks in state States.failed: 0
1709949939.869215 2024-03-08 23:05:39 MainProcess-31896 MainThread-140405303033856 parsl.dataflow.dflow:1079 log_task_states INFO: Tasks in state States.dep_fail: 0
1709949939.869236 2024-03-08 23:05:39 MainProcess-31896 MainThread-140405303033856 parsl.dataflow.dflow:1079 log_task_states INFO: Tasks in state States.launched: 0
1709949939.869258 2024-03-08 23:05:39 MainProcess-31896 MainThread-140405303033856 parsl.dataflow.dflow:1079 log_task_states INFO: Tasks in state States.fail_retryable: 0
1709949939.869280 2024-03-08 23:05:39 MainProcess-31896 MainThread-140405303033856 parsl.dataflow.dflow:1079 log_task_states INFO: Tasks in state States.memo_done: 0
1709949939.869301 2024-03-08 23:05:39 MainProcess-31896 MainThread-140405303033856 parsl.dataflow.dflow:1079 log_task_states INFO: Tasks in state States.joining: 0
1709949939.869323 2024-03-08 23:05:39 MainProcess-31896 MainThread-140405303033856 parsl.dataflow.dflow:1079 log_task_states INFO: Tasks in state States.running_ended: 0
1709949939.869344 2024-03-08 23:05:39 MainProcess-31896 MainThread-140405303033856 parsl.dataflow.dflow:1081 log_task_states INFO: End of summary
1709949939.869384 2024-03-08 23:05:39 MainProcess-31896 MainThread-140405303033856 parsl.dataflow.dflow:1206 cleanup INFO: Closing job status poller
1709949939.869477 2024-03-08 23:05:39 MainProcess-31896 MainThread-140405303033856 parsl.dataflow.dflow:1208 cleanup INFO: Terminated job status poller
1709949939.869518 2024-03-08 23:05:39 MainProcess-31896 MainThread-140405303033856 parsl.dataflow.dflow:1210 cleanup INFO: Scaling in and shutting down executors
1709949939.869548 2024-03-08 23:05:39 MainProcess-31896 MainThread-140405303033856 parsl.dataflow.dflow:1228 cleanup INFO: Shutting down executor threads
1709949939.869575 2024-03-08 23:05:39 MainProcess-31896 MainThread-140405303033856 parsl.executors.threads:74 shutdown DEBUG: Shutting down executor, which involves waiting for running tasks to complete
1709949939.869602 2024-03-08 23:05:39 MainProcess-31896 MainThread-140405303033856 parsl.executors.threads:76 shutdown DEBUG: Done with executor shutdown
1709949939.869624 2024-03-08 23:05:39 MainProcess-31896 MainThread-140405303033856 parsl.dataflow.dflow:1230 cleanup INFO: Shut down executor threads
1709949939.869646 2024-03-08 23:05:39 MainProcess-31896 MainThread-140405303033856 parsl.dataflow.dflow:1228 cleanup INFO: Shutting down executor _parsl_internal
1709949939.869666 2024-03-08 23:05:39 MainProcess-31896 MainThread-140405303033856 parsl.executors.threads:74 shutdown DEBUG: Shutting down executor, which involves waiting for running tasks to complete
1709949939.869687 2024-03-08 23:05:39 MainProcess-31896 MainThread-140405303033856 parsl.executors.threads:76 shutdown DEBUG: Done with executor shutdown
1709949939.869707 2024-03-08 23:05:39 MainProcess-31896 MainThread-140405303033856 parsl.dataflow.dflow:1230 cleanup INFO: Shut down executor _parsl_internal
1709949939.869727 2024-03-08 23:05:39 MainProcess-31896 MainThread-140405303033856 parsl.dataflow.dflow:1232 cleanup INFO: Terminated executors
1709949939.869749 2024-03-08 23:05:39 MainProcess-31896 MainThread-140405303033856 parsl.dataflow.dflow:1249 cleanup INFO: DFK cleanup complete
1709949939.869772 2024-03-08 23:05:39 MainProcess-31896 MainThread-140405303033856 parsl.process_loggers:28 wrapped DEBUG: Normal ending for cleanup on thread MainThread
