1709943984.788636 2024-03-08 21:26:24 MainProcess-15947 MainThread-140668188532736 parsl.dataflow.dflow:91 __init__ INFO: Starting DataFlowKernel with config
Config(
    app_cache=True, 
    checkpoint_files=None, 
    checkpoint_mode=None, 
    checkpoint_period=None, 
    executors=(ThreadPoolExecutor(
        label='threads', 
        max_threads=2, 
        storage_access=None, 
        thread_name_prefix='', 
        working_dir=None
    ),), 
    garbage_collect=True, 
    initialize_logging=True, 
    internal_tasks_max_threads=10, 
    max_idletime=120.0, 
    monitoring=None, 
    retries=0, 
    retry_handler=None, 
    run_dir='runinfo', 
    strategy='simple', 
    usage_tracking=False
)
1709943984.788789 2024-03-08 21:26:24 MainProcess-15947 MainThread-140668188532736 parsl.dataflow.dflow:93 __init__ INFO: Parsl version: 2024.03.04
1709943984.788889 2024-03-08 21:26:24 MainProcess-15947 MainThread-140668188532736 parsl.usage_tracking.usage:111 __init__ DEBUG: Tracking status: False
1709943984.789000 2024-03-08 21:26:24 MainProcess-15947 MainThread-140668188532736 parsl.dataflow.dflow:121 __init__ INFO: Run id is: 71940774-23d8-48e5-ac7e-a5d2eaffb430
1709943984.833077 2024-03-08 21:26:24 MainProcess-15947 MainThread-140668188532736 parsl.dataflow.dflow:128 __init__ DEBUG: Considering candidate for workflow name: /home/carlos/Projects/cbnetwork/venv/lib/python3.10/site-packages/parsl/dataflow/dflow.py
1709943984.833150 2024-03-08 21:26:24 MainProcess-15947 MainThread-140668188532736 parsl.dataflow.dflow:128 __init__ DEBUG: Considering candidate for workflow name: /home/carlos/Projects/cbnetwork/venv/lib/python3.10/site-packages/parsl/dataflow/dflow.py
1709943984.833180 2024-03-08 21:26:24 MainProcess-15947 MainThread-140668188532736 parsl.dataflow.dflow:128 __init__ DEBUG: Considering candidate for workflow name: /home/carlos/Projects/cbnetwork/hpc/sdumont/test_valor_pi.py
1709943984.833206 2024-03-08 21:26:24 MainProcess-15947 MainThread-140668188532736 parsl.dataflow.dflow:134 __init__ DEBUG: Using test_valor_pi.py as workflow name
1709943984.833301 2024-03-08 21:26:24 MainProcess-15947 MainThread-140668188532736 parsl.dataflow.memoization:163 __init__ INFO: App caching initialized
1709943984.833342 2024-03-08 21:26:24 MainProcess-15947 MainThread-140668188532736 parsl.jobs.strategy:143 __init__ DEBUG: Scaling strategy: simple
1709943984.834821 2024-03-08 21:26:24 MainProcess-15947 MainThread-140668188532736 parsl.dataflow.dflow:949 submit DEBUG: Task 0 will be sent to executor threads
1709943984.834911 2024-03-08 21:26:24 MainProcess-15947 MainThread-140668188532736 parsl.dataflow.dflow:764 _add_output_deps DEBUG: Adding output dependencies
1709943984.834948 2024-03-08 21:26:24 MainProcess-15947 MainThread-140668188532736 parsl.dataflow.dflow:1031 submit INFO: Task 0 submitted for App monte_carlo_pi, not waiting on any dependency
1709943984.834985 2024-03-08 21:26:24 MainProcess-15947 MainThread-140668188532736 parsl.dataflow.dflow:1037 submit DEBUG: Task 0 set to pending state with AppFuture: <AppFuture at 0x7fefc4499a50 state=pending>
1709943984.835022 2024-03-08 21:26:24 MainProcess-15947 MainThread-140668188532736 parsl.dataflow.memoization:222 check_memo DEBUG: Task 0 will not be memoized
1709943984.840317 2024-03-08 21:26:24 MainProcess-15947 MainThread-140668188532736 parsl.dataflow.dflow:727 launch_task INFO: Parsl task 0 try 0 launched on executor threads
1709943984.972037 2024-03-08 21:26:24 MainProcess-15947 ThreadPoolExecutor-0_0-140667756389952 parsl.dataflow.dflow:551 _complete_task INFO: Task 0 completed (launched -> exec_done)
1709943984.972195 2024-03-08 21:26:24 MainProcess-15947 MainThread-140668188532736 parsl.dataflow.dflow:949 submit DEBUG: Task 1 will be sent to executor threads
1709943984.972279 2024-03-08 21:26:24 MainProcess-15947 MainThread-140668188532736 parsl.dataflow.dflow:764 _add_output_deps DEBUG: Adding output dependencies
1709943984.972316 2024-03-08 21:26:24 MainProcess-15947 MainThread-140668188532736 parsl.dataflow.dflow:1031 submit INFO: Task 1 submitted for App monte_carlo_pi, not waiting on any dependency
1709943984.972361 2024-03-08 21:26:24 MainProcess-15947 MainThread-140668188532736 parsl.dataflow.dflow:1037 submit DEBUG: Task 1 set to pending state with AppFuture: <AppFuture at 0x7fefc44998a0 state=pending>
1709943984.972395 2024-03-08 21:26:24 MainProcess-15947 MainThread-140668188532736 parsl.dataflow.memoization:222 check_memo DEBUG: Task 1 will not be memoized
1709943984.972438 2024-03-08 21:26:24 MainProcess-15947 MainThread-140668188532736 parsl.dataflow.dflow:727 launch_task INFO: Parsl task 1 try 0 launched on executor threads
1709943985.107939 2024-03-08 21:26:25 MainProcess-15947 ThreadPoolExecutor-0_0-140667756389952 parsl.dataflow.dflow:551 _complete_task INFO: Task 1 completed (launched -> exec_done)
1709943985.108120 2024-03-08 21:26:25 MainProcess-15947 MainThread-140668188532736 parsl.dataflow.dflow:949 submit DEBUG: Task 2 will be sent to executor threads
1709943985.108194 2024-03-08 21:26:25 MainProcess-15947 MainThread-140668188532736 parsl.dataflow.dflow:764 _add_output_deps DEBUG: Adding output dependencies
1709943985.108230 2024-03-08 21:26:25 MainProcess-15947 MainThread-140668188532736 parsl.dataflow.dflow:1031 submit INFO: Task 2 submitted for App monte_carlo_pi, not waiting on any dependency
1709943985.108265 2024-03-08 21:26:25 MainProcess-15947 MainThread-140668188532736 parsl.dataflow.dflow:1037 submit DEBUG: Task 2 set to pending state with AppFuture: <AppFuture at 0x7fefc4498760 state=pending>
1709943985.108298 2024-03-08 21:26:25 MainProcess-15947 MainThread-140668188532736 parsl.dataflow.memoization:222 check_memo DEBUG: Task 2 will not be memoized
1709943985.108339 2024-03-08 21:26:25 MainProcess-15947 MainThread-140668188532736 parsl.dataflow.dflow:727 launch_task INFO: Parsl task 2 try 0 launched on executor threads
1709943985.238241 2024-03-08 21:26:25 MainProcess-15947 ThreadPoolExecutor-0_0-140667756389952 parsl.dataflow.dflow:551 _complete_task INFO: Task 2 completed (launched -> exec_done)
1709943985.238466 2024-03-08 21:26:25 MainProcess-15947 MainThread-140668188532736 parsl.dataflow.dflow:949 submit DEBUG: Task 3 will be sent to executor threads
1709943985.238536 2024-03-08 21:26:25 MainProcess-15947 MainThread-140668188532736 parsl.dataflow.dflow:764 _add_output_deps DEBUG: Adding output dependencies
1709943985.238571 2024-03-08 21:26:25 MainProcess-15947 MainThread-140668188532736 parsl.dataflow.dflow:1031 submit INFO: Task 3 submitted for App monte_carlo_pi, not waiting on any dependency
1709943985.238607 2024-03-08 21:26:25 MainProcess-15947 MainThread-140668188532736 parsl.dataflow.dflow:1037 submit DEBUG: Task 3 set to pending state with AppFuture: <AppFuture at 0x7fefc449b700 state=pending>
1709943985.238641 2024-03-08 21:26:25 MainProcess-15947 MainThread-140668188532736 parsl.dataflow.memoization:222 check_memo DEBUG: Task 3 will not be memoized
1709943985.238702 2024-03-08 21:26:25 MainProcess-15947 MainThread-140668188532736 parsl.dataflow.dflow:727 launch_task INFO: Parsl task 3 try 0 launched on executor threads
1709943985.379321 2024-03-08 21:26:25 MainProcess-15947 ThreadPoolExecutor-0_0-140667756389952 parsl.dataflow.dflow:551 _complete_task INFO: Task 3 completed (launched -> exec_done)
1709943985.379604 2024-03-08 21:26:25 MainProcess-15947 MainThread-140668188532736 parsl.dataflow.dflow:1145 atexit_cleanup INFO: DFK cleanup because python process is exiting
1709943985.379671 2024-03-08 21:26:25 MainProcess-15947 MainThread-140668188532736 parsl.dataflow.dflow:1182 cleanup INFO: DFK cleanup initiated
1709943985.379702 2024-03-08 21:26:25 MainProcess-15947 MainThread-140668188532736 parsl.dataflow.dflow:1075 log_task_states INFO: Summary of tasks in DFK:
1709943985.379736 2024-03-08 21:26:25 MainProcess-15947 MainThread-140668188532736 parsl.dataflow.dflow:1079 log_task_states INFO: Tasks in state States.unsched: 0
1709943985.379763 2024-03-08 21:26:25 MainProcess-15947 MainThread-140668188532736 parsl.dataflow.dflow:1079 log_task_states INFO: Tasks in state States.pending: 0
1709943985.379788 2024-03-08 21:26:25 MainProcess-15947 MainThread-140668188532736 parsl.dataflow.dflow:1079 log_task_states INFO: Tasks in state States.running: 0
1709943985.379817 2024-03-08 21:26:25 MainProcess-15947 MainThread-140668188532736 parsl.dataflow.dflow:1079 log_task_states INFO: Tasks in state States.exec_done: 4
1709943985.379842 2024-03-08 21:26:25 MainProcess-15947 MainThread-140668188532736 parsl.dataflow.dflow:1079 log_task_states INFO: Tasks in state States.failed: 0
1709943985.379865 2024-03-08 21:26:25 MainProcess-15947 MainThread-140668188532736 parsl.dataflow.dflow:1079 log_task_states INFO: Tasks in state States.dep_fail: 0
1709943985.379888 2024-03-08 21:26:25 MainProcess-15947 MainThread-140668188532736 parsl.dataflow.dflow:1079 log_task_states INFO: Tasks in state States.launched: 0
1709943985.379910 2024-03-08 21:26:25 MainProcess-15947 MainThread-140668188532736 parsl.dataflow.dflow:1079 log_task_states INFO: Tasks in state States.fail_retryable: 0
1709943985.379933 2024-03-08 21:26:25 MainProcess-15947 MainThread-140668188532736 parsl.dataflow.dflow:1079 log_task_states INFO: Tasks in state States.memo_done: 0
1709943985.379956 2024-03-08 21:26:25 MainProcess-15947 MainThread-140668188532736 parsl.dataflow.dflow:1079 log_task_states INFO: Tasks in state States.joining: 0
1709943985.379979 2024-03-08 21:26:25 MainProcess-15947 MainThread-140668188532736 parsl.dataflow.dflow:1079 log_task_states INFO: Tasks in state States.running_ended: 0
1709943985.380001 2024-03-08 21:26:25 MainProcess-15947 MainThread-140668188532736 parsl.dataflow.dflow:1081 log_task_states INFO: End of summary
1709943985.380046 2024-03-08 21:26:25 MainProcess-15947 MainThread-140668188532736 parsl.dataflow.dflow:1206 cleanup INFO: Closing job status poller
1709943985.380134 2024-03-08 21:26:25 MainProcess-15947 MainThread-140668188532736 parsl.dataflow.dflow:1208 cleanup INFO: Terminated job status poller
1709943985.380159 2024-03-08 21:26:25 MainProcess-15947 MainThread-140668188532736 parsl.dataflow.dflow:1210 cleanup INFO: Scaling in and shutting down executors
1709943985.380185 2024-03-08 21:26:25 MainProcess-15947 MainThread-140668188532736 parsl.dataflow.dflow:1228 cleanup INFO: Shutting down executor threads
1709943985.380211 2024-03-08 21:26:25 MainProcess-15947 MainThread-140668188532736 parsl.executors.threads:74 shutdown DEBUG: Shutting down executor, which involves waiting for running tasks to complete
1709943985.380237 2024-03-08 21:26:25 MainProcess-15947 MainThread-140668188532736 parsl.executors.threads:76 shutdown DEBUG: Done with executor shutdown
1709943985.380259 2024-03-08 21:26:25 MainProcess-15947 MainThread-140668188532736 parsl.dataflow.dflow:1230 cleanup INFO: Shut down executor threads
1709943985.380280 2024-03-08 21:26:25 MainProcess-15947 MainThread-140668188532736 parsl.dataflow.dflow:1228 cleanup INFO: Shutting down executor _parsl_internal
1709943985.380301 2024-03-08 21:26:25 MainProcess-15947 MainThread-140668188532736 parsl.executors.threads:74 shutdown DEBUG: Shutting down executor, which involves waiting for running tasks to complete
1709943985.380323 2024-03-08 21:26:25 MainProcess-15947 MainThread-140668188532736 parsl.executors.threads:76 shutdown DEBUG: Done with executor shutdown
1709943985.380344 2024-03-08 21:26:25 MainProcess-15947 MainThread-140668188532736 parsl.dataflow.dflow:1230 cleanup INFO: Shut down executor _parsl_internal
1709943985.380365 2024-03-08 21:26:25 MainProcess-15947 MainThread-140668188532736 parsl.dataflow.dflow:1232 cleanup INFO: Terminated executors
1709943985.380387 2024-03-08 21:26:25 MainProcess-15947 MainThread-140668188532736 parsl.dataflow.dflow:1249 cleanup INFO: DFK cleanup complete
1709943985.380410 2024-03-08 21:26:25 MainProcess-15947 MainThread-140668188532736 parsl.process_loggers:28 wrapped DEBUG: Normal ending for cleanup on thread MainThread
